<?xml version="1.0" encoding="UTF-8"?>
<!-- Generated by org.testng.reporters.JUnitXMLReporter -->
<testsuite hostname="DESKTOP-NM05SVP" name="Default test" tests="2" failures="0" timestamp="31 Mar 2018 13:09:55 GMT" time="50.148" errors="0">
  <testcase name="addStockTest" time="0.018" classname="com.qtpselenium.rediff.hybrid.testcases.stocksuite.AddDelStockTest">
    <skipped/>
  </testcase> <!-- addStockTest -->
  <testcase name="deleteStockTest" time="48.601" classname="com.qtpselenium.rediff.hybrid.testcases.stocksuite.AddDelStockTest"/>
</testsuite> <!-- Default test -->
